<?xml version="1.0" encoding="UTF-8"?>
<!-- Generated by org.testng.reporters.JUnitXMLReporter -->
<testsuite hostname="A2ML32732" name="Windows AppTaker Automation" tests="1" failures="0" timestamp="4 Oct 2019 09:17:27 GMT" time="0.117" errors="0">
  <testcase name="@BeforeSuite Windowcaps" time="0.0" classname="Test.EditEmployeeTest">
    <failure type="org.openqa.selenium.SessionNotCreatedException" message="Unable to create a new remote session. Please check the server log for more details. Original error: An unknown server-side error occurred while processing the command. Original error: Package was not found.

Windows cannot perform the RegisterByPackageFamilyName operation because it could not find 01e2d2b2-2fb2-4a0c-a45b-b33a7d54c556_t387d2zbac88p in the repository. Make sure 01e2d2b2-2fb2-4a0c-a45b-b33a7d54c556_t387d2zbac88p has been staged or was installed by another user.
Build info: version: &amp;apos;3.141.59&amp;apos;, revision: &amp;apos;e82be7d358&amp;apos;, time: &amp;apos;2018-11-14T08:17:03&amp;apos;
System info: host: &amp;apos;A2ML32732&amp;apos;, ip: &amp;apos;10.0.4.34&amp;apos;, os.name: &amp;apos;Windows 10&amp;apos;, os.arch: &amp;apos;amd64&amp;apos;, os.version: &amp;apos;10.0&amp;apos;, java.version: &amp;apos;1.8.0_201&amp;apos;
Driver info: driver.version: WindowsDriver
remote stacktrace: UnknownError: An unknown server-side error occurred while processing the command. Original error: Package was not found.

Windows cannot perform the RegisterByPackageFamilyName operation because it could not find 01e2d2b2-2fb2-4a0c-a45b-b33a7d54c556_t387d2zbac88p in the repository. Make sure 01e2d2b2-2fb2-4a0c-a45b-b33a7d54c556_t387d2zbac88p has been staged or was installed by another user.
    at errorFromW3CJsonCode (C:\node-v10.16.0-win-x64\node-v10.16.0-win-x64\node_modules\appium\node_modules\appium-base-driver\lib\protocol\errors.js:802:25)
    at ProxyRequestError.errorFromW3CJsonCode [as getActualError] (C:\node-v10.16.0-win-x64\node-v10.16.0-win-x64\node_modules\appium\node_modules\appium-base-driver\lib\protocol\errors.js:685:14)
    at JWProxy.getActualError [as command] (C:\node-v10.16.0-win-x64\node-v10.16.0-win-x64\node_modules\appium\node_modules\appium-base-driver\lib\jsonwp-proxy\proxy.js:235:19)
Build info: version: &amp;apos;3.141.59&amp;apos;, revision: &amp;apos;e82be7d358&amp;apos;, time: &amp;apos;2018-11-14T08:17:03&amp;apos;
System info: host: &amp;apos;A2ML32732&amp;apos;, ip: &amp;apos;10.0.4.34&amp;apos;, os.name: &amp;apos;Windows 10&amp;apos;, os.arch: &amp;apos;amd64&amp;apos;, os.version: &amp;apos;10.0&amp;apos;, java.version: &amp;apos;1.8.0_201&amp;apos;
Driver info: driver.version: WindowsDriver">
      <![CDATA[org.openqa.selenium.SessionNotCreatedException: Unable to create a new remote session. Please check the server log for more details. Original error: An unknown server-side error occurred while processing the command. Original error: Package was not found.

Windows cannot perform the RegisterByPackageFamilyName operation because it could not find 01e2d2b2-2fb2-4a0c-a45b-b33a7d54c556_t387d2zbac88p in the repository. Make sure 01e2d2b2-2fb2-4a0c-a45b-b33a7d54c556_t387d2zbac88p has been staged or was installed by another user.
Build info: version: '3.141.59', revision: 'e82be7d358', time: '2018-11-14T08:17:03'
System info: host: 'A2ML32732', ip: '10.0.4.34', os.name: 'Windows 10', os.arch: 'amd64', os.version: '10.0', java.version: '1.8.0_201'
Driver info: driver.version: WindowsDriver
remote stacktrace: UnknownError: An unknown server-side error occurred while processing the command. Original error: Package was not found.

Windows cannot perform the RegisterByPackageFamilyName operation because it could not find 01e2d2b2-2fb2-4a0c-a45b-b33a7d54c556_t387d2zbac88p in the repository. Make sure 01e2d2b2-2fb2-4a0c-a45b-b33a7d54c556_t387d2zbac88p has been staged or was installed by another user.
    at errorFromW3CJsonCode (C:\node-v10.16.0-win-x64\node-v10.16.0-win-x64\node_modules\appium\node_modules\appium-base-driver\lib\protocol\errors.js:802:25)
    at ProxyRequestError.errorFromW3CJsonCode [as getActualError] (C:\node-v10.16.0-win-x64\node-v10.16.0-win-x64\node_modules\appium\node_modules\appium-base-driver\lib\protocol\errors.js:685:14)
    at JWProxy.getActualError [as command] (C:\node-v10.16.0-win-x64\node-v10.16.0-win-x64\node_modules\appium\node_modules\appium-base-driver\lib\jsonwp-proxy\proxy.js:235:19)
Build info: version: '3.141.59', revision: 'e82be7d358', time: '2018-11-14T08:17:03'
System info: host: 'A2ML32732', ip: '10.0.4.34', os.name: 'Windows 10', os.arch: 'amd64', os.version: '10.0', java.version: '1.8.0_201'
Driver info: driver.version: WindowsDriver
	at io.appium.java_client.remote.AppiumCommandExecutor$1.createSession(AppiumCommandExecutor.java:208)
	at io.appium.java_client.remote.AppiumCommandExecutor.createSession(AppiumCommandExecutor.java:217)
	at io.appium.java_client.remote.AppiumCommandExecutor.execute(AppiumCommandExecutor.java:239)
	at org.openqa.selenium.remote.RemoteWebDriver.execute(RemoteWebDriver.java:552)
	at io.appium.java_client.DefaultGenericMobileDriver.execute(DefaultGenericMobileDriver.java:42)
	at io.appium.java_client.AppiumDriver.execute(AppiumDriver.java:1)
	at io.appium.java_client.windows.WindowsDriver.execute(WindowsDriver.java:1)
	at org.openqa.selenium.remote.RemoteWebDriver.startSession(RemoteWebDriver.java:213)
	at org.openqa.selenium.remote.RemoteWebDriver.<init>(RemoteWebDriver.java:131)
	at io.appium.java_client.DefaultGenericMobileDriver.<init>(DefaultGenericMobileDriver.java:38)
	at io.appium.java_client.AppiumDriver.<init>(AppiumDriver.java:84)
	at io.appium.java_client.AppiumDriver.<init>(AppiumDriver.java:94)
	at io.appium.java_client.windows.WindowsDriver.<init>(WindowsDriver.java:42)
	at Utilities.WindowsCapabilitie.Windowcaps(WindowsCapabilitie.java:81)
	at io.appium.java_client.remote.AppiumCommandExecutor$1.createSession(AppiumCommandExecutor.java:186)
	... 31 more
Caused by: org.openqa.selenium.WebDriverException: An unknown server-side error occurred while processing the command. Original error: Package was not found.

Windows cannot perform the RegisterByPackageFamilyName operation because it could not find 01e2d2b2-2fb2-4a0c-a45b-b33a7d54c556_t387d2zbac88p in the repository. Make sure 01e2d2b2-2fb2-4a0c-a45b-b33a7d54c556_t387d2zbac88p has been staged or was installed by another user.
Build info: version: '3.141.59', revision: 'e82be7d358', time: '2018-11-14T08:17:03'
System info: host: 'A2ML32732', ip: '10.0.4.34', os.name: 'Windows 10', os.arch: 'amd64', os.version: '10.0', java.version: '1.8.0_201'
Driver info: driver.version: WindowsDriver
remote stacktrace: UnknownError: An unknown server-side error occurred while processing the command. Original error: Package was not found.

Windows cannot perform the RegisterByPackageFamilyName operation because it could not find 01e2d2b2-2fb2-4a0c-a45b-b33a7d54c556_t387d2zbac88p in the repository. Make sure 01e2d2b2-2fb2-4a0c-a45b-b33a7d54c556_t387d2zbac88p has been staged or was installed by another user.
    at errorFromW3CJsonCode (C:\node-v10.16.0-win-x64\node-v10.16.0-win-x64\node_modules\appium\node_modules\appium-base-driver\lib\protocol\errors.js:802:25)
    at ProxyRequestError.errorFromW3CJsonCode [as getActualError] (C:\node-v10.16.0-win-x64\node-v10.16.0-win-x64\node_modules\appium\node_modules\appium-base-driver\lib\protocol\errors.js:685:14)
    at JWProxy.getActualError [as command] (C:\node-v10.16.0-win-x64\node-v10.16.0-win-x64\node_modules\appium\node_modules\appium-base-driver\lib\jsonwp-proxy\proxy.js:235:19)
	at org.openqa.selenium.remote.W3CHandshakeResponse.lambda$errorHandler$0(W3CHandshakeResponse.java:62)
	at org.openqa.selenium.remote.HandshakeResponse.lambda$getResponseFunction$0(HandshakeResponse.java:30)
	at org.openqa.selenium.remote.ProtocolHandshake.lambda$createSession$0(ProtocolHandshake.java:126)
	at java.util.stream.ReferencePipeline$3$1.accept(ReferencePipeline.java:193)
	at java.util.Spliterators$ArraySpliterator.tryAdvance(Spliterators.java:958)
	at java.util.stream.ReferencePipeline.forEachWithCancel(ReferencePipeline.java:126)
	at java.util.stream.AbstractPipeline.copyIntoWithCancel(AbstractPipeline.java:498)
	at java.util.stream.AbstractPipeline.copyInto(AbstractPipeline.java:485)
	at java.util.stream.AbstractPipeline.wrapAndCopyInto(AbstractPipeline.java:471)
	at java.util.stream.FindOps$FindOp.evaluateSequential(FindOps.java:152)
	at java.util.stream.AbstractPipeline.evaluate(AbstractPipeline.java:234)
	at java.util.stream.ReferencePipeline.findFirst(ReferencePipeline.java:464)
	at org.openqa.selenium.remote.ProtocolHandshake.createSession(ProtocolHandshake.java:128)
	... 36 more
... Removed 27 stack frames]]>
    </failure>
  </testcase> <!-- @BeforeSuite Windowcaps -->
  <testcase name="editEmployeePersonal" time="0.0" classname="Test.EditEmployeeTest">
    <skipped/>
  </testcase> <!-- editEmployeePersonal -->
</testsuite> <!-- Windows AppTaker Automation -->
